0 info it worked if it ends with ok
1 verbose cli [
1 verbose cli   '/usr/local/bin/node',
1 verbose cli   '/usr/local/bin/npm',
1 verbose cli   'install',
1 verbose cli   './signalfx-nodejs-tracing'
1 verbose cli ]
2 info using npm@6.13.4
3 info using node@v12.14.1
4 verbose config Skipping project config: /home/ec2-user/.npmrc. (matches userconfig)
5 verbose npm-session 407a456e91355797
6 silly install loadCurrentTree
7 silly install readLocalPackageData
8 silly fetchPackageMetaData error for file:signalfx-nodejs-tracing Could not install from "signalfx-nodejs-tracing" as it does not contain a package.json file.
9 timing stage:rollbackFailedOptional Completed in 1ms
10 timing stage:runTopLevelLifecycles Completed in 363ms
11 verbose stack Error: ENOENT: no such file or directory, open '/home/ec2-user/signalfx-nodejs-tracing/package.json'
12 verbose cwd /home/ec2-user
13 verbose Linux 4.14.214-160.339.amzn2.x86_64
14 verbose argv "/usr/local/bin/node" "/usr/local/bin/npm" "install" "./signalfx-nodejs-tracing"
15 verbose node v12.14.1
16 verbose npm  v6.13.4
17 error code ENOLOCAL
18 error Could not install from "signalfx-nodejs-tracing" as it does not contain a package.json file.
19 verbose exit [ 1, true ]
